TN:
SF:src/ejercicio-1.ts
FN:2,(anonymous_0)
FN:11,getAllergens
FNF:2
FNH:2
FNDA:1,(anonymous_0)
FNDA:4,getAllergens
DA:2,1
DA:3,1
DA:11,1
DA:13,4
DA:15,4
DA:16,0
DA:20,4
DA:23,64
DA:26,64
DA:27,5
DA:31,4
LF:11
LH:10
BRDA:2,0,0,1
BRDA:2,0,1,1
BRDA:15,1,0,0
BRDA:15,1,1,4
BRDA:15,2,0,4
BRDA:15,2,1,4
BRDA:26,3,0,5
BRDA:26,3,1,59
BRDA:26,4,0,64
BRDA:26,4,1,32
BRF:10
BRH:9
end_of_record
TN:
SF:src/ejercicio-2.ts
FN:14,add
FN:23,sub
FN:32,mult
FN:41,div
FN:51,prod
FN:59,conj
FN:67,abs
FNF:7
FNH:6
FNDA:1,add
FNDA:0,sub
FNDA:1,mult
FNDA:1,div
FNDA:1,prod
FNDA:1,conj
FNDA:1,abs
DA:14,1
DA:15,1
DA:23,1
DA:24,0
DA:32,1
DA:33,1
DA:41,1
DA:42,1
DA:43,1
DA:51,1
DA:52,1
DA:59,1
DA:60,1
DA:67,1
DA:68,1
LF:15
LH:14
BRF:0
BRH:0
end_of_record
TN:
SF:src/ejercicio-4.ts
FN:8,myMap
FNF:1
FNH:1
FNDA:2,myMap
DA:8,1
DA:10,2
DA:12,2
DA:13,4
DA:15,2
LF:5
LH:5
BRF:0
BRH:0
end_of_record
TN:
SF:src/ejercicio-5.ts
FN:7,getSpiralMatrix
FNF:1
FNH:1
FNDA:3,getSpiralMatrix
DA:7,1
DA:8,3
DA:10,3
DA:11,12
DA:15,3
DA:16,3
DA:17,3
DA:18,3
DA:19,3
DA:22,3
DA:24,7
DA:25,19
DA:28,7
DA:29,12
DA:33,7
DA:34,12
DA:38,7
DA:39,7
DA:43,7
DA:46,3
LF:20
LH:20
BRDA:22,0,0,10
BRDA:22,0,1,7
BRF:2
BRH:2
end_of_record
TN:
SF:src/ejercicio-6.ts
FN:7,fromArrayToRanges
FN:36,fromRangesToArray
FNF:2
FNH:2
FNDA:4,fromArrayToRanges
FNDA:4,fromRangesToArray
DA:7,1
DA:8,4
DA:9,4
DA:10,4
DA:11,4
DA:12,21
DA:13,10
DA:14,10
DA:15,10
DA:16,10
DA:17,10
DA:18,4
DA:21,6
DA:23,10
DA:24,10
DA:27,4
DA:36,1
DA:37,4
DA:38,4
DA:39,10
DA:40,10
DA:41,10
DA:42,10
DA:43,10
DA:44,4
DA:47,6
DA:48,17
DA:52,4
LF:28
LH:28
BRDA:12,0,0,10
BRDA:12,0,1,11
BRDA:17,1,0,4
BRDA:17,1,1,6
BRDA:43,2,0,4
BRDA:43,2,1,6
BRF:6
BRH:6
end_of_record
TN:
SF:src/ejercicio-7.ts
FN:7,(anonymous_0)
FN:25,decodeResistor
FNF:2
FNH:2
FNDA:1,(anonymous_0)
FNDA:6,decodeResistor
DA:7,1
DA:8,1
DA:9,1
DA:10,1
DA:11,1
DA:12,1
DA:13,1
DA:14,1
DA:15,1
DA:16,1
DA:17,1
DA:25,1
DA:26,6
LF:13
LH:13
BRDA:7,0,0,1
BRDA:7,0,1,1
BRF:2
BRH:2
end_of_record
